<?xml version="1.0" encoding="UTF-8"?>
<!-- Generated by org.testng.reporters.JUnitXMLReporter -->
<testsuite hostname="Sahithi" ignored="3" name="Default test" tests="1" failures="0" timestamp="24 Oct 2020 15:15:02 GMT" time="28.292" errors="0">
  <testcase name="loginFlipkart" time="0.595" classname="com.flipkart.Login"/>
  <testcase name="iFrameExample" time="0.0" classname="com.flipkart.Login">
    <ignored/>
  </testcase> <!-- iFrameExample -->
  <testcase name="electronics" time="0.0" classname="com.flipkart.Login">
    <ignored/>
  </testcase> <!-- electronics -->
  <testcase name="electronics_ContextClick" time="0.0" classname="com.flipkart.Login">
    <ignored/>
  </testcase> <!-- electronics_ContextClick -->
</testsuite> <!-- Default test -->
