<?xml version="1.0" encoding="UTF-8"?>
<!-- Generated by org.testng.reporters.JUnitXMLReporter -->
<testsuite hostname="Sahithi" ignored="6" name="Test" tests="2" failures="0" timestamp="2020-10-25T00:55:18 IST" time="31.777" errors="0">
  <testcase name="@AfterMethod tearDown" time="1.174" classname="com.flipkart.Login2">
    <failure type="org.openqa.selenium.NoSuchSessionException" message="invalid session id
Build info: version: &amp;apos;4.0.0-alpha-6&amp;apos;, revision: &amp;apos;5f43a29cfc&amp;apos;
System info: host: &amp;apos;SAHITHI&amp;apos;, ip: &amp;apos;192.168.29.187&amp;apos;, os.name: &amp;apos;Windows 10&amp;apos;, os.arch: &amp;apos;amd64&amp;apos;, os.version: &amp;apos;10.0&amp;apos;, java.version: &amp;apos;1.8.0_65&amp;apos;
Driver info: org.openqa.selenium.chrome.ChromeDriver
Capabilities {acceptInsecureCerts: false, browserName: chrome, browserVersion: 86.0.4240.111, chrome: {chromedriverVersion: 86.0.4240.22 (398b0743353ff..., userDataDir: C:\Users\SAHITH~1\AppData\L...}, goog:chromeOptions: {debuggerAddress: localhost:55232}, javascriptEnabled: true, networkConnectionEnabled: false, pageLoadStrategy: normal, platform: WINDOWS, platformName: WINDOWS, proxy: Proxy(), setWindowRect: true, strictFileInteractability: false, timeouts: {implicit: 0, pageLoad: 300000, script: 30000}, unhandledPromptBehavior: dismiss and notify, webauthn:virtualAuthenticators: true}
Session ID: 091e87dc42a4db69047f875fafd4db5e">
      <![CDATA[org.openqa.selenium.NoSuchSessionException: invalid session id
Build info: version: '4.0.0-alpha-6', revision: '5f43a29cfc'
System info: host: 'SAHITHI', ip: '192.168.29.187', os.name: 'Windows 10', os.arch: 'amd64', os.version: '10.0', java.version: '1.8.0_65'
Driver info: org.openqa.selenium.chrome.ChromeDriver
Capabilities {acceptInsecureCerts: false, browserName: chrome, browserVersion: 86.0.4240.111, chrome: {chromedriverVersion: 86.0.4240.22 (398b0743353ff..., userDataDir: C:\Users\SAHITH~1\AppData\L...}, goog:chromeOptions: {debuggerAddress: localhost:55232}, javascriptEnabled: true, networkConnectionEnabled: false, pageLoadStrategy: normal, platform: WINDOWS, platformName: WINDOWS, proxy: Proxy(), setWindowRect: true, strictFileInteractability: false, timeouts: {implicit: 0, pageLoad: 300000, script: 30000}, unhandledPromptBehavior: dismiss and notify, webauthn:virtualAuthenticators: true}
Session ID: 091e87dc42a4db69047f875fafd4db5e
at org.openqa.selenium.remote.codec.w3c.W3CHttpResponseCodec.createException(W3CHttpResponseCodec.java:196)
at org.openqa.selenium.remote.codec.w3c.W3CHttpResponseCodec.decode(W3CHttpResponseCodec.java:129)
at org.openqa.selenium.remote.codec.w3c.W3CHttpResponseCodec.decode(W3CHttpResponseCodec.java:53)
at org.openqa.selenium.remote.HttpCommandExecutor.execute(HttpCommandExecutor.java:160)
at org.openqa.selenium.remote.service.DriverCommandExecutor.execute(DriverCommandExecutor.java:83)
at org.openqa.selenium.remote.RemoteWebDriver.execute(RemoteWebDriver.java:582)
at org.openqa.selenium.remote.RemoteWebDriver.execute(RemoteWebDriver.java:639)
at org.openqa.selenium.remote.RemoteWebDriver.execute(RemoteWebDriver.java:643)
at org.openqa.selenium.remote.RemoteWebDriver.close(RemoteWebDriver.java:468)
at com.flipkart.browser.Base.closeBrowser(Base.java:68)
at com.flipkart.Login2.tearDown(Login2.java:110)
at java.util.concurrent.ThreadPoolExecutor.runWorker(ThreadPoolExecutor.java:1142)
at java.util.concurrent.ThreadPoolExecutor$Worker.run(ThreadPoolExecutor.java:617)
at java.lang.Thread.run(Thread.java:745)
... Removed 21 stack frames]]>
    </failure>
  </testcase> <!-- @AfterMethod tearDown -->
  <testcase name="loginFlipkart" time="2.466" classname="com.flipkart.Login"/>
  <testcase name="loginFlipkart" time="0.264" classname="com.flipkart.Login2"/>
  <testcase name="electronics_ContextClick" time="0.0" classname="com.flipkart.Login2">
    <ignored/>
  </testcase> <!-- electronics_ContextClick -->
  <testcase name="iFrameExample" time="0.0" classname="com.flipkart.Login">
    <ignored/>
  </testcase> <!-- iFrameExample -->
  <testcase name="electronics" time="0.0" classname="com.flipkart.Login">
    <ignored/>
  </testcase> <!-- electronics -->
  <testcase name="electronics_ContextClick" time="0.0" classname="com.flipkart.Login">
    <ignored/>
  </testcase> <!-- electronics_ContextClick -->
  <testcase name="iFrameExample" time="0.0" classname="com.flipkart.Login2">
    <ignored/>
  </testcase> <!-- iFrameExample -->
  <testcase name="electronics" time="0.0" classname="com.flipkart.Login2">
    <ignored/>
  </testcase> <!-- electronics -->
</testsuite> <!-- Test -->
