<?xml version="1.0" encoding="UTF-8"?>
<testng-results skipped="0" failed="0" ignored="6" total="8" passed="2">
  <reporter-output>
  </reporter-output>
  <suite name="Suite" duration-ms="31777" started-at="2020-10-25T00:54:46 IST" finished-at="2020-10-25T00:55:18 IST">
    <groups>
    </groups>
    <test name="Test" duration-ms="31777" started-at="2020-10-25T00:54:46 IST" finished-at="2020-10-25T00:55:18 IST">
      <class name="com.flipkart.Login">
        <test-method status="PASS" signature="launchReuirements()[pri:0, instance:com.flipkart.Login@3cef309d]" name="launchReuirements" is-config="true" duration-ms="27871" started-at="2020-10-25T00:54:46 IST" finished-at="2020-10-25T00:55:14 IST">
          <reporter-output>
          </reporter-output>
        </test-method> <!-- launchReuirements -->
        <test-method status="PASS" signature="loginFlipkart()[pri:0, instance:com.flipkart.Login@3cef309d]" name="loginFlipkart" duration-ms="2466" started-at="2020-10-25T00:55:14 IST" finished-at="2020-10-25T00:55:17 IST">
          <reporter-output>
          </reporter-output>
        </test-method> <!-- loginFlipkart -->
        <test-method status="PASS" signature="tearDown()[pri:0, instance:com.flipkart.Login@3cef309d]" name="tearDown" is-config="true" duration-ms="559" started-at="2020-10-25T00:55:17 IST" finished-at="2020-10-25T00:55:17 IST">
          <reporter-output>
          </reporter-output>
        </test-method> <!-- tearDown -->
      </class> <!-- com.flipkart.Login -->
      <class name="com.flipkart.Login2">
        <test-method status="PASS" signature="launchReuirements()[pri:0, instance:com.flipkart.Login2@32709393]" name="launchReuirements" is-config="true" duration-ms="30184" started-at="2020-10-25T00:54:46 IST" finished-at="2020-10-25T00:55:17 IST">
          <reporter-output>
          </reporter-output>
        </test-method> <!-- launchReuirements -->
        <test-method status="PASS" signature="loginFlipkart()[pri:0, instance:com.flipkart.Login2@32709393]" name="loginFlipkart" duration-ms="264" started-at="2020-10-25T00:55:17 IST" finished-at="2020-10-25T00:55:17 IST">
          <reporter-output>
          </reporter-output>
        </test-method> <!-- loginFlipkart -->
        <test-method status="FAIL" signature="tearDown()[pri:0, instance:com.flipkart.Login2@32709393]" name="tearDown" is-config="true" duration-ms="1174" started-at="2020-10-25T00:55:17 IST" finished-at="2020-10-25T00:55:18 IST">
          <exception class="org.openqa.selenium.NoSuchSessionException">
            <message>
              <![CDATA[invalid session id
Build info: version: '4.0.0-alpha-6', revision: '5f43a29cfc'
System info: host: 'SAHITHI', ip: '192.168.29.187', os.name: 'Windows 10', os.arch: 'amd64', os.version: '10.0', java.version: '1.8.0_65'
Driver info: org.openqa.selenium.chrome.ChromeDriver
Capabilities {acceptInsecureCerts: false, browserName: chrome, browserVersion: 86.0.4240.111, chrome: {chromedriverVersion: 86.0.4240.22 (398b0743353ff..., userDataDir: C:\Users\SAHITH~1\AppData\L...}, goog:chromeOptions: {debuggerAddress: localhost:55232}, javascriptEnabled: true, networkConnectionEnabled: false, pageLoadStrategy: normal, platform: WINDOWS, platformName: WINDOWS, proxy: Proxy(), setWindowRect: true, strictFileInteractability: false, timeouts: {implicit: 0, pageLoad: 300000, script: 30000}, unhandledPromptBehavior: dismiss and notify, webauthn:virtualAuthenticators: true}
Session ID: 091e87dc42a4db69047f875fafd4db5e]]>
            </message>
            <full-stacktrace>
              <![CDATA[org.openqa.selenium.NoSuchSessionException: invalid session id
Build info: version: '4.0.0-alpha-6', revision: '5f43a29cfc'
System info: host: 'SAHITHI', ip: '192.168.29.187', os.name: 'Windows 10', os.arch: 'amd64', os.version: '10.0', java.version: '1.8.0_65'
Driver info: org.openqa.selenium.chrome.ChromeDriver
Capabilities {acceptInsecureCerts: false, browserName: chrome, browserVersion: 86.0.4240.111, chrome: {chromedriverVersion: 86.0.4240.22 (398b0743353ff..., userDataDir: C:\Users\SAHITH~1\AppData\L...}, goog:chromeOptions: {debuggerAddress: localhost:55232}, javascriptEnabled: true, networkConnectionEnabled: false, pageLoadStrategy: normal, platform: WINDOWS, platformName: WINDOWS, proxy: Proxy(), setWindowRect: true, strictFileInteractability: false, timeouts: {implicit: 0, pageLoad: 300000, script: 30000}, unhandledPromptBehavior: dismiss and notify, webauthn:virtualAuthenticators: true}
Session ID: 091e87dc42a4db69047f875fafd4db5e
at sun.reflect.NativeConstructorAccessorImpl.newInstance0(Native Method)
at sun.reflect.NativeConstructorAccessorImpl.newInstance(NativeConstructorAccessorImpl.java:62)
at sun.reflect.DelegatingConstructorAccessorImpl.newInstance(DelegatingConstructorAccessorImpl.java:45)
at java.lang.reflect.Constructor.newInstance(Constructor.java:422)
at org.openqa.selenium.remote.codec.w3c.W3CHttpResponseCodec.createException(W3CHttpResponseCodec.java:196)
at org.openqa.selenium.remote.codec.w3c.W3CHttpResponseCodec.decode(W3CHttpResponseCodec.java:129)
at org.openqa.selenium.remote.codec.w3c.W3CHttpResponseCodec.decode(W3CHttpResponseCodec.java:53)
at org.openqa.selenium.remote.HttpCommandExecutor.execute(HttpCommandExecutor.java:160)
at org.openqa.selenium.remote.service.DriverCommandExecutor.execute(DriverCommandExecutor.java:83)
at org.openqa.selenium.remote.RemoteWebDriver.execute(RemoteWebDriver.java:582)
at org.openqa.selenium.remote.RemoteWebDriver.execute(RemoteWebDriver.java:639)
at org.openqa.selenium.remote.RemoteWebDriver.execute(RemoteWebDriver.java:643)
at org.openqa.selenium.remote.RemoteWebDriver.close(RemoteWebDriver.java:468)
at com.flipkart.browser.Base.closeBrowser(Base.java:68)
at com.flipkart.Login2.tearDown(Login2.java:110)
at sun.reflect.NativeMethodAccessorImpl.invoke0(Native Method)
at sun.reflect.NativeMethodAccessorImpl.invoke(NativeMethodAccessorImpl.java:62)
at sun.reflect.DelegatingMethodAccessorImpl.invoke(DelegatingMethodAccessorImpl.java:43)
at java.lang.reflect.Method.invoke(Method.java:497)
at org.testng.internal.MethodInvocationHelper.invokeMethod(MethodInvocationHelper.java:132)
at org.testng.internal.MethodInvocationHelper.invokeMethodConsideringTimeout(MethodInvocationHelper.java:61)
at org.testng.internal.ConfigInvoker.invokeConfigurationMethod(ConfigInvoker.java:366)
at org.testng.internal.ConfigInvoker.invokeConfigurations(ConfigInvoker.java:320)
at org.testng.internal.TestInvoker.runConfigMethods(TestInvoker.java:701)
at org.testng.internal.TestInvoker.runAfterGroupsConfigurations(TestInvoker.java:677)
at org.testng.internal.TestInvoker.invokeMethod(TestInvoker.java:661)
at org.testng.internal.TestInvoker.invokeTestMethod(TestInvoker.java:174)
at org.testng.internal.MethodRunner.runInSequence(MethodRunner.java:46)
at org.testng.internal.TestInvoker$MethodInvocationAgent.invoke(TestInvoker.java:822)
at org.testng.internal.TestInvoker.invokeTestMethods(TestInvoker.java:147)
at org.testng.internal.TestMethodWorker.invokeTestMethods(TestMethodWorker.java:146)
at org.testng.internal.TestMethodWorker.run(TestMethodWorker.java:128)
at java.util.concurrent.ThreadPoolExecutor.runWorker(ThreadPoolExecutor.java:1142)
at java.util.concurrent.ThreadPoolExecutor$Worker.run(ThreadPoolExecutor.java:617)
at java.lang.Thread.run(Thread.java:745)
]]>
            </full-stacktrace>
          </exception> <!-- org.openqa.selenium.NoSuchSessionException -->
          <reporter-output>
          </reporter-output>
        </test-method> <!-- tearDown -->
      </class> <!-- com.flipkart.Login2 -->
    </test> <!-- Test -->
  </suite> <!-- Suite -->
</testng-results>
