<?xml version="1.0" encoding="UTF-8"?>
<testng-results skipped="0" failed="0" ignored="3" total="4" passed="1">
  <reporter-output>
  </reporter-output>
  <suite name="Default suite" duration-ms="28292" started-at="2020-10-24T15:14:33Z" finished-at="2020-10-24T15:15:01Z">
    <groups>
    </groups>
    <test name="Default test" duration-ms="28292" started-at="2020-10-24T15:14:33Z" finished-at="2020-10-24T15:15:01Z">
      <class name="com.flipkart.Login">
        <test-method status="PASS" signature="launchReuirements()[pri:0, instance:com.flipkart.Login@6f1fba17]" name="launchReuirements" is-config="true" duration-ms="27621" started-at="2020-10-24T15:14:33Z" finished-at="2020-10-24T15:15:01Z">
          <reporter-output>
          </reporter-output>
        </test-method> <!-- launchReuirements -->
        <test-method status="PASS" signature="loginFlipkart()[pri:0, instance:com.flipkart.Login@6f1fba17]" name="loginFlipkart" duration-ms="595" started-at="2020-10-24T15:15:01Z" finished-at="2020-10-24T15:15:01Z">
          <reporter-output>
          </reporter-output>
        </test-method> <!-- loginFlipkart -->
        <test-method status="PASS" signature="tearDown()[pri:0, instance:com.flipkart.Login@6f1fba17]" name="tearDown" is-config="true" duration-ms="0" started-at="2020-10-24T15:15:01Z" finished-at="2020-10-24T15:15:01Z">
          <reporter-output>
          </reporter-output>
        </test-method> <!-- tearDown -->
      </class> <!-- com.flipkart.Login -->
    </test> <!-- Default test -->
  </suite> <!-- Default suite -->
</testng-results>
